<?xml version="1.0" encoding="UTF-8"?>
<!-- Generated by org.testng.reporters.JUnitXMLReporter -->
<testsuite ignored="2" hostname="RACIT061" failures="0" tests="3" name="Car Loan Test" time="0.023" errors="0" timestamp="2025-01-10T23:48:03 IST">
  <testcase classname="testng_tests.Day4" name="webloginCarLoan" time="0.002"/>
  <testcase classname="testng_tests.Day4" name="webloginCarLoan" time="0.002"/>
  <testcase classname="testng_tests.Day4" name="webloginCarLoan" time="0.001"/>
  <testcase classname="testng_tests.Day4" name="mobileloginCarLoan" time="0.0">
    <ignored/>
  </testcase> <!-- mobileloginCarLoan -->
  <testcase classname="testng_tests.Day4" name="apiloginCarLoan" time="0.0">
    <ignored/>
  </testcase> <!-- apiloginCarLoan -->
</testsuite> <!-- Car Loan Test -->
