<?xml version="1.0" encoding="UTF-8"?>
<!-- Generated by org.testng.reporters.JUnitXMLReporter -->
<testsuite ignored="0" hostname="RACIT061" failures="0" tests="3" name="Smoke tests" time="0.069" errors="0" timestamp="2024-12-31T20:20:14 IST">
  <testcase classname="testng_tests.Day1" name="firsttest" time="0.008"/>
  <testcase classname="testng_tests.Day1" name="secondtest" time="0.001"/>
  <testcase classname="testng_tests.Day2" name="thirdtest" time="0.002"/>
</testsuite> <!-- Smoke tests -->
