<?xml version="1.0" encoding="UTF-8"?>
<!-- Generated by org.testng.reporters.JUnitXMLReporter -->
<testsuite ignored="2" hostname="RACIT061" failures="0" tests="2" name="Login test" time="20.259" errors="0" timestamp="2025-01-24T00:48:21 IST">
  <testcase classname="shoppingcart.test.LoginTest" name="submitOrderTest_updated" time="5.6"/>
  <testcase classname="shoppingcart.test.LoginTest" name="submitOrderTest_updated" time="5.225"/>
  <testcase classname="shoppingcart.test.LoginTest" name="submitOrderTest" time="0.0">
    <ignored/>
  </testcase> <!-- submitOrderTest -->
  <testcase classname="shoppingcart.test.LoginTest" name="orderHistoryTest" time="0.0">
    <ignored/>
  </testcase> <!-- orderHistoryTest -->
</testsuite> <!-- Login test -->
